<?xml version="1.0" encoding="UTF-8"?>
<testsuite name="com.service.sleepapneaiotserver.SleepapneaIoTServerApplicationTests" tests="1" skipped="0" failures="0" errors="0" timestamp="2023-01-19T00:59:49" hostname="knuprime066ui-MacBook-Pro.local" time="0.129">
  <properties/>
  <testcase name="contextLoads()" classname="com.service.sleepapneaiotserver.SleepapneaIoTServerApplicationTests" time="0.129"/>
  <system-out><![CDATA[09:59:41.698 [Test worker] DEBUG org.springframework.test.context.BootstrapUtils - Instantiating CacheAwareContextLoaderDelegate from class [org.springframework.test.context.cache.DefaultCacheAwareContextLoaderDelegate]
09:59:41.721 [Test worker] DEBUG org.springframework.test.context.BootstrapUtils - Instantiating BootstrapContext using constructor [public org.springframework.test.context.support.DefaultBootstrapContext(java.lang.Class,org.springframework.test.context.CacheAwareContextLoaderDelegate)]
09:59:41.794 [Test worker] DEBUG org.springframework.test.context.BootstrapUtils - Instantiating TestContextBootstrapper for test class [com.service.sleepapneaiotserver.SleepapneaIoTServerApplicationTests] from class [org.springframework.boot.test.context.SpringBootTestContextBootstrapper]
09:59:41.809 [Test worker] INFO org.springframework.boot.test.context.SpringBootTestContextBootstrapper - Neither @ContextConfiguration nor @ContextHierarchy found for test class [com.service.sleepapneaiotserver.SleepapneaIoTServerApplicationTests], using SpringBootContextLoader
09:59:41.814 [Test worker] DEBUG org.springframework.test.context.support.AbstractContextLoader - Did not detect default resource location for test class [com.service.sleepapneaiotserver.SleepapneaIoTServerApplicationTests]: class path resource [com/service/sleepapneaiotserver/SleepapneaIoTServerApplicationTests-context.xml] does not exist
09:59:41.815 [Test worker] DEBUG org.springframework.test.context.support.AbstractContextLoader - Did not detect default resource location for test class [com.service.sleepapneaiotserver.SleepapneaIoTServerApplicationTests]: class path resource [com/service/sleepapneaiotserver/SleepapneaIoTServerApplicationTestsContext.groovy] does not exist
09:59:41.816 [Test worker] INFO org.springframework.test.context.support.AbstractContextLoader - Could not detect default resource locations for test class [com.service.sleepapneaiotserver.SleepapneaIoTServerApplicationTests]: no resource found for suffixes {-context.xml, Context.groovy}.
09:59:41.817 [Test worker] INFO org.springframework.test.context.support.AnnotationConfigContextLoaderUtils - Could not detect default configuration classes for test class [com.service.sleepapneaiotserver.SleepapneaIoTServerApplicationTests]: SleepapneaIoTServerApplicationTests does not declare any static, non-private, non-final, nested classes annotated with @Configuration.
09:59:41.877 [Test worker] DEBUG org.springframework.test.context.support.ActiveProfilesUtils - Could not find an 'annotation declaring class' for annotation type [org.springframework.test.context.ActiveProfiles] and class [com.service.sleepapneaiotserver.SleepapneaIoTServerApplicationTests]
09:59:41.966 [Test worker] DEBUG org.springframework.context.annotation.ClassPathScanningCandidateComponentProvider - Identified candidate component class: file [/Users/LHR/Desktop/현장실습/SleepApnea_IoT_Project/sleepapnea-IoT-Server /build/classes/java/main/com/service/sleepapneaiotserver/SleepapneaIoTServerApplication.class]
09:59:41.967 [Test worker] INFO org.springframework.boot.test.context.SpringBootTestContextBootstrapper - Found @SpringBootConfiguration com.service.sleepapneaiotserver.SleepapneaIoTServerApplication for test class com.service.sleepapneaiotserver.SleepapneaIoTServerApplicationTests
09:59:42.126 [Test worker] DEBUG org.springframework.boot.test.context.SpringBootTestContextBootstrapper - @TestExecutionListeners is not present for class [com.service.sleepapneaiotserver.SleepapneaIoTServerApplicationTests]: using defaults.
09:59:42.126 [Test worker] INFO org.springframework.boot.test.context.SpringBootTestContextBootstrapper - Loaded default TestExecutionListener class names from location [META-INF/spring.factories]: [org.springframework.boot.test.autoconfigure.restdocs.RestDocsTestExecutionListener, org.springframework.boot.test.autoconfigure.web.client.MockRestServiceServerResetTestExecutionListener, org.springframework.boot.test.autoconfigure.web.servlet.MockMvcPrintOnlyOnFailureTestExecutionListener, org.springframework.boot.test.autoconfigure.web.servlet.WebDriverTestExecutionListener, org.springframework.boot.test.autoconfigure.webservices.client.MockWebServiceServerTestExecutionListener, org.springframework.boot.test.mock.mockito.MockitoTestExecutionListener, org.springframework.boot.test.mock.mockito.ResetMocksTestExecutionListener, org.springframework.test.context.web.ServletTestExecutionListener, org.springframework.test.context.support.DirtiesContextBeforeModesTestExecutionListener, org.springframework.test.context.event.ApplicationEventsTestExecutionListener, org.springframework.test.context.support.DependencyInjectionTestExecutionListener, org.springframework.test.context.support.DirtiesContextTestExecutionListener, org.springframework.test.context.transaction.TransactionalTestExecutionListener, org.springframework.test.context.jdbc.SqlScriptsTestExecutionListener, org.springframework.test.context.event.EventPublishingTestExecutionListener]
09:59:42.148 [Test worker] INFO org.springframework.boot.test.context.SpringBootTestContextBootstrapper - Using TestExecutionListeners: [org.springframework.test.context.web.ServletTestExecutionListener@6e33c391, org.springframework.test.context.support.DirtiesContextBeforeModesTestExecutionListener@6c451c9c, org.springframework.test.context.event.ApplicationEventsTestExecutionListener@31c269fd, org.springframework.boot.test.mock.mockito.MockitoTestExecutionListener@372b0d86, org.springframework.boot.test.autoconfigure.SpringBootDependencyInjectionTestExecutionListener@47747fb9, org.springframework.test.context.support.DirtiesContextTestExecutionListener@3113a37, org.springframework.test.context.transaction.TransactionalTestExecutionListener@213e3629, org.springframework.test.context.jdbc.SqlScriptsTestExecutionListener@4e9658b5, org.springframework.test.context.event.EventPublishingTestExecutionListener@2a7b6f69, org.springframework.boot.test.autoconfigure.restdocs.RestDocsTestExecutionListener@20312893, org.springframework.boot.test.autoconfigure.web.client.MockRestServiceServerResetTestExecutionListener@70eecdc2, org.springframework.boot.test.autoconfigure.web.servlet.MockMvcPrintOnlyOnFailureTestExecutionListener@c41709a, org.springframework.boot.test.autoconfigure.web.servlet.WebDriverTestExecutionListener@7db0565c, org.springframework.boot.test.autoconfigure.webservices.client.MockWebServiceServerTestExecutionListener@54ec8cc9, org.springframework.boot.test.mock.mockito.ResetMocksTestExecutionListener@52eacb4b]
09:59:42.161 [Test worker] DEBUG org.springframework.test.context.support.AbstractDirtiesContextTestExecutionListener - Before test class: context [DefaultTestContext@781e7326 testClass = SleepapneaIoTServerApplicationTests, testInstance = [null], testMethod = [null], testException = [null], mergedContextConfiguration = [WebMergedContextConfiguration@22680f52 testClass = SleepapneaIoTServerApplicationTests, locations = '{}', classes = '{class com.service.sleepapneaiotserver.SleepapneaIoTServerApplication}', contextInitializerClasses = '[]', activeProfiles = '{}', propertySourceLocations = '{}', propertySourceProperties = '{org.springframework.boot.test.context.SpringBootTestContextBootstrapper=true}', contextCustomizers = set[org.springframework.boot.test.autoconfigure.actuate.metrics.MetricsExportContextCustomizerFactory$DisableMetricExportContextCustomizer@a202ccb, org.springframework.boot.test.autoconfigure.properties.PropertyMappingContextCustomizer@0, org.springframework.boot.test.autoconfigure.web.servlet.WebDriverContextCustomizerFactory$Customizer@4044fb95, org.springframework.boot.test.context.filter.ExcludeFilterContextCustomizer@1bb564e2, org.springframework.boot.test.json.DuplicateJsonObjectContextCustomizerFactory$DuplicateJsonObjectContextCustomizer@7b8233cd, org.springframework.boot.test.mock.mockito.MockitoContextCustomizer@0, org.springframework.boot.test.web.client.TestRestTemplateContextCustomizer@16746061, org.springframework.boot.test.context.SpringBootTestArgs@1, org.springframework.boot.test.context.SpringBootTestWebEnvironment@3214ee6], resourceBasePath = 'src/main/webapp', contextLoader = 'org.springframework.boot.test.context.SpringBootContextLoader', parent = [null]], attributes = map['org.springframework.test.context.web.ServletTestExecutionListener.activateListener' -> true]], class annotated with @DirtiesContext [false] with mode [null].

  .   ____          _            __ _ _
 /\\ / ___'_ __ _ _(_)_ __  __ _ \ \ \ \
( ( )\___ | '_ | '_| | '_ \/ _` | \ \ \ \
 \\/  ___)| |_)| | | | | || (_| |  ) ) ) )
  '  |____| .__|_| |_|_| |_\__, | / / / /
 =========|_|==============|___/=/_/_/_/
 :: Spring Boot ::                (v2.6.8)

2023-01-19 09:59:42.836  INFO 2344 --- [    Test worker] .s.s.SleepapneaIoTServerApplicationTests : Starting SleepapneaIoTServerApplicationTests using Java 11.0.11 on knuprime066ui-MacBook-Pro.local with PID 2344 (started by LHR in /Users/LHR/Desktop/현장실습/SleepApnea_IoT_Project/sleepapnea-IoT-Server )
2023-01-19 09:59:42.839  INFO 2344 --- [    Test worker] .s.s.SleepapneaIoTServerApplicationTests : No active profile set, falling back to 1 default profile: "default"
2023-01-19 09:59:43.779  INFO 2344 --- [    Test worker] .s.d.r.c.RepositoryConfigurationDelegate : Bootstrapping Spring Data JPA repositories in DEFAULT mode.
2023-01-19 09:59:43.877  INFO 2344 --- [    Test worker] .s.d.r.c.RepositoryConfigurationDelegate : Finished Spring Data repository scanning in 85 ms. Found 2 JPA repository interfaces.
2023-01-19 09:59:44.649  INFO 2344 --- [    Test worker] o.hibernate.jpa.internal.util.LogHelper  : HHH000204: Processing PersistenceUnitInfo [name: default]
2023-01-19 09:59:44.714  INFO 2344 --- [    Test worker] org.hibernate.Version                    : HHH000412: Hibernate ORM core version 5.6.9.Final
2023-01-19 09:59:44.929  INFO 2344 --- [    Test worker] o.hibernate.annotations.common.Version   : HCANN000001: Hibernate Commons Annotations {5.1.2.Final}
2023-01-19 09:59:45.061  INFO 2344 --- [    Test worker] com.zaxxer.hikari.HikariDataSource       : HikariPool-1 - Starting...
2023-01-19 09:59:45.846  INFO 2344 --- [    Test worker] com.zaxxer.hikari.HikariDataSource       : HikariPool-1 - Start completed.
2023-01-19 09:59:45.903  INFO 2344 --- [    Test worker] org.hibernate.dialect.Dialect            : HHH000400: Using dialect: org.hibernate.dialect.MySQL8Dialect
2023-01-19 09:59:46.937  INFO 2344 --- [    Test worker] o.h.e.t.j.p.i.JtaPlatformInitiator       : HHH000490: Using JtaPlatform implementation: [org.hibernate.engine.transaction.jta.platform.internal.NoJtaPlatform]
2023-01-19 09:59:46.948  INFO 2344 --- [    Test worker] j.LocalContainerEntityManagerFactoryBean : Initialized JPA EntityManagerFactory for persistence unit 'default'
2023-01-19 09:59:48.166  INFO 2344 --- [    Test worker] o.s.s.web.DefaultSecurityFilterChain     : Will secure any request with [org.springframework.security.web.context.request.async.WebAsyncManagerIntegrationFilter@74cf2d5f, org.springframework.security.web.context.SecurityContextPersistenceFilter@58701e8c, org.springframework.security.web.header.HeaderWriterFilter@674d2b8b, org.springframework.security.web.authentication.logout.LogoutFilter@7fa2473a, org.springframework.security.web.authentication.UsernamePasswordAuthenticationFilter@4b3e4253, org.springframework.security.web.savedrequest.RequestCacheAwareFilter@307e9c02, org.springframework.security.web.servletapi.SecurityContextHolderAwareRequestFilter@8961e55, org.springframework.security.web.authentication.AnonymousAuthenticationFilter@14b9817b, org.springframework.security.web.session.SessionManagementFilter@30b29f55, org.springframework.security.web.access.ExceptionTranslationFilter@3b7dd173, org.springframework.security.web.access.intercept.FilterSecurityInterceptor@49994a4]
2023-01-19 09:59:48.808  INFO 2344 --- [    Test worker] o.s.b.a.w.s.WelcomePageHandlerMapping    : Adding welcome page template: index
2023-01-19 09:59:49.226  INFO 2344 --- [    Test worker] .s.s.SleepapneaIoTServerApplicationTests : Started SleepapneaIoTServerApplicationTests in 7.006 seconds (JVM running for 8.9)
]]></system-out>
  <system-err><![CDATA[]]></system-err>
</testsuite>
